<?xml version="1.0" encoding="UTF-8"?>
<robot generator="Robot 6.0.2 (Python 3.11.3 on win32)" generated="20230425 13:22:21.103" rpa="false" schemaversion="3">
<suite id="s1" name="Robot" source="C:\Users\ASUS\OneDrive\Desktop\Project104-Python-UnitTest\Robot.robot">
<test id="s1-t1" name="Open Website And Test Login" line="9">
<kw name="Open Website To Login Page">
<kw name="Open Browser" library="SeleniumLibrary">
<arg>${URL}</arg>
<arg>${BROWSER}</arg>
<doc>Opens a new browser instance to the optional ``url``.</doc>
<msg timestamp="20230425 13:22:21.866" level="INFO">Opening browser 'edge' to base url 'https://chiangmaiarea1-server.web.app/'.</msg>
<msg timestamp="20230425 13:22:21.899" level="INFO">Executing: C:\Users\ASUS\AppData\Local\Programs\Python\Python311\Lib\site-packages\selenium\webdriver\common\windows\selenium-manager.exe --browser edge --output json</msg>
<status status="PASS" starttime="20230425 13:22:21.865" endtime="20230425 13:22:28.347"/>
</kw>
<kw name="Maximize Browser Window" library="SeleniumLibrary">
<doc>Maximizes current browser window.</doc>
<status status="PASS" starttime="20230425 13:22:28.347" endtime="20230425 13:22:28.646"/>
</kw>
<kw name="Set Selenium Speed" library="SeleniumLibrary">
<arg>1</arg>
<doc>Sets the delay that is waited after each Selenium command.</doc>
<status status="PASS" starttime="20230425 13:22:28.646" endtime="20230425 13:22:28.647"/>
</kw>
<status status="PASS" starttime="20230425 13:22:21.865" endtime="20230425 13:22:28.648"/>
</kw>
<kw name="Input Username">
<arg>admin</arg>
<kw name="Input Text" library="SeleniumLibrary">
<arg>xpath://input[@placeholder='Username']</arg>
<arg>${username}</arg>
<doc>Types the given ``text`` into the text field identified by ``locator``.</doc>
<msg timestamp="20230425 13:22:28.654" level="INFO">Typing text 'admin' into text field 'xpath://input[@placeholder='Username']'.</msg>
<status status="PASS" starttime="20230425 13:22:28.652" endtime="20230425 13:22:32.000"/>
</kw>
<status status="PASS" starttime="20230425 13:22:28.649" endtime="20230425 13:22:32.000"/>
</kw>
<kw name="Input Password">
<arg>ict111213ict</arg>
<kw name="Input Text" library="SeleniumLibrary">
<arg>xpath://input[@placeholder='Password']</arg>
<arg>${password}</arg>
<doc>Types the given ``text`` into the text field identified by ``locator``.</doc>
<msg timestamp="20230425 13:22:32.006" level="INFO">Typing text 'ict111213ict' into text field 'xpath://input[@placeholder='Password']'.</msg>
<status status="PASS" starttime="20230425 13:22:32.004" endtime="20230425 13:22:35.384"/>
</kw>
<status status="PASS" starttime="20230425 13:22:32.003" endtime="20230425 13:22:35.384"/>
</kw>
<kw name="Submit Form">
<kw name="Click Button" library="SeleniumLibrary">
<arg>xpath://input[@type='submit' and @value='Login']</arg>
<doc>Clicks the button identified by ``locator``.</doc>
<msg timestamp="20230425 13:22:35.386" level="INFO">Clicking button 'xpath://input[@type='submit' and @value='Login']'.</msg>
<status status="PASS" starttime="20230425 13:22:35.385" endtime="20230425 13:22:38.485"/>
</kw>
<status status="PASS" starttime="20230425 13:22:35.384" endtime="20230425 13:22:38.486"/>
</kw>
<kw name="Location Should Be" library="SeleniumLibrary">
<arg>${WELECOME}</arg>
<doc>Verifies that the current URL is exactly ``url``.</doc>
<msg timestamp="20230425 13:22:41.503" level="INFO" html="true">&lt;/td&gt;&lt;/tr&gt;&lt;tr&gt;&lt;td colspan="3"&gt;&lt;a href="selenium-screenshot-2.png"&gt;&lt;img src="selenium-screenshot-2.png" width="800px"&gt;&lt;/a&gt;</msg>
<msg timestamp="20230425 13:22:41.504" level="FAIL">Location should have been 'https://chiangmaiarea1-server.web.app/#/News' but was 'https://chiangmaiarea1-server.web.app/'.</msg>
<status status="FAIL" starttime="20230425 13:22:38.502" endtime="20230425 13:22:41.511"/>
</kw>
<kw name="Close Browser" library="SeleniumLibrary" type="TEARDOWN">
<doc>Closes the current browser.</doc>
<status status="PASS" starttime="20230425 13:22:41.512" endtime="20230425 13:22:45.020"/>
</kw>
<status status="FAIL" starttime="20230425 13:22:21.864" endtime="20230425 13:22:45.020">Location should have been 'https://chiangmaiarea1-server.web.app/#/News' but was 'https://chiangmaiarea1-server.web.app/'.</status>
</test>
<status status="FAIL" starttime="20230425 13:22:21.112" endtime="20230425 13:22:45.029"/>
</suite>
<statistics>
<total>
<stat pass="0" fail="1" skip="0">All Tests</stat>
</total>
<tag>
</tag>
<suite>
<stat pass="0" fail="1" skip="0" id="s1" name="Robot">Robot</stat>
</suite>
</statistics>
<errors>
</errors>
</robot>
