<?xml version="1.0" encoding="UTF-8"?>
<robot generator="Robot 6.0.2 (Python 3.11.3 on win32)" generated="20230425 10:35:14.899" rpa="false" schemaversion="3">
<suite id="s1" name="Robot" source="C:\Users\ASUS\OneDrive\Desktop\Project104-Python-UnitTest\Robot.robot">
<test id="s1-t1" name="Open Website And Test Login" line="9">
<kw name="Open Website To Login Page">
<kw name="Open Browser" library="SeleniumLibrary">
<arg>${URL}</arg>
<arg>${BROWSER}</arg>
<doc>Opens a new browser instance to the optional ``url``.</doc>
<msg timestamp="20230425 10:35:15.154" level="INFO">Opening browser 'edge' to base url 'https://chiangmaiarea1-server.web.app/'.</msg>
<msg timestamp="20230425 10:35:15.169" level="INFO">Executing: C:\Users\ASUS\AppData\Local\Programs\Python\Python311\Lib\site-packages\selenium\webdriver\common\windows\selenium-manager.exe --browser edge --output json</msg>
<status status="PASS" starttime="20230425 10:35:15.152" endtime="20230425 10:35:18.022"/>
</kw>
<kw name="Maximize Browser Window" library="SeleniumLibrary">
<doc>Maximizes current browser window.</doc>
<status status="PASS" starttime="20230425 10:35:18.022" endtime="20230425 10:35:18.168"/>
</kw>
<kw name="Set Selenium Speed" library="SeleniumLibrary">
<arg>1</arg>
<doc>Sets the delay that is waited after each Selenium command.</doc>
<status status="PASS" starttime="20230425 10:35:18.168" endtime="20230425 10:35:18.169"/>
</kw>
<status status="PASS" starttime="20230425 10:35:15.152" endtime="20230425 10:35:18.169"/>
</kw>
<kw name="Input Username">
<arg>admin</arg>
<kw name="Input Text" library="SeleniumLibrary">
<arg>xpath://input[@placeholder='Username']</arg>
<arg>${username}</arg>
<doc>Types the given ``text`` into the text field identified by ``locator``.</doc>
<msg timestamp="20230425 10:35:18.172" level="INFO">Typing text 'admin' into text field 'xpath://input[@placeholder='Username']'.</msg>
<status status="PASS" starttime="20230425 10:35:18.171" endtime="20230425 10:35:21.347"/>
</kw>
<status status="PASS" starttime="20230425 10:35:18.170" endtime="20230425 10:35:21.347"/>
</kw>
<kw name="Input Password">
<arg>ict111213ict</arg>
<kw name="Input Text" library="SeleniumLibrary">
<arg>xpath://input[@placeholder='Password']</arg>
<arg>${password}</arg>
<doc>Types the given ``text`` into the text field identified by ``locator``.</doc>
<msg timestamp="20230425 10:35:21.348" level="INFO">Typing text 'ict111213ict' into text field 'xpath://input[@placeholder='Password']'.</msg>
<status status="PASS" starttime="20230425 10:35:21.348" endtime="20230425 10:35:24.489"/>
</kw>
<status status="PASS" starttime="20230425 10:35:21.347" endtime="20230425 10:35:24.489"/>
</kw>
<kw name="Submit Form">
<kw name="Click Button" library="SeleniumLibrary">
<arg>xpath://input[@type='submit' and @value='Login']</arg>
<doc>Clicks the button identified by ``locator``.</doc>
<msg timestamp="20230425 10:35:24.491" level="INFO">Clicking button 'xpath://input[@type='submit' and @value='Login']'.</msg>
<status status="PASS" starttime="20230425 10:35:24.490" endtime="20230425 10:35:27.582"/>
</kw>
<status status="PASS" starttime="20230425 10:35:24.489" endtime="20230425 10:35:27.582"/>
</kw>
<kw name="Location Should Be" library="SeleniumLibrary">
<arg>${WELECOME}</arg>
<doc>Verifies that the current URL is exactly ``url``.</doc>
<msg timestamp="20230425 10:35:28.607" level="INFO">Current location is 'https://chiangmaiarea1-server.web.app/#/News'.</msg>
<status status="PASS" starttime="20230425 10:35:27.583" endtime="20230425 10:35:28.607"/>
</kw>
<kw name="Close Browser" library="SeleniumLibrary" type="TEARDOWN">
<doc>Closes the current browser.</doc>
<status status="PASS" starttime="20230425 10:35:28.607" endtime="20230425 10:35:31.839"/>
</kw>
<status status="PASS" starttime="20230425 10:35:15.152" endtime="20230425 10:35:31.840"/>
</test>
<status status="PASS" starttime="20230425 10:35:14.902" endtime="20230425 10:35:31.843"/>
</suite>
<statistics>
<total>
<stat pass="1" fail="0" skip="0">All Tests</stat>
</total>
<tag>
</tag>
<suite>
<stat pass="1" fail="0" skip="0" id="s1" name="Robot">Robot</stat>
</suite>
</statistics>
<errors>
</errors>
</robot>
